wear/build/intermediates/manifest_merge_blame_file/release/processReleaseMainManifest/manifest-merger-blame-release-report.txt
1<?xml version="1.0" encoding="utf-8"?>
2<manifest xmlns:android="http://schemas.android.com/apk/res/android"
3    package="com.aistudio.coreflow.vdfpkw"
4    android:versionCode="31"
5    android:versionName="1.1.31" >
6
7    <uses-sdk
7-->INJECTED
8        android:minSdkVersion="30"
8-->INJECTED
9        android:targetSdkVersion="36" />
9-->INJECTED
10
11    <uses-feature android:name="android.hardware.type.watch" />
11-->src\main\AndroidManifest.xml:3:5-64
11-->src\main\AndroidManifest.xml:3:19-61
12
13    <uses-permission android:name="android.permission.VIBRATE" />
13-->src\main\AndroidManifest.xml:4:5-66
13-->src\main\AndroidManifest.xml:4:22-63
14
15    <permission
15-->[androidx.core:core:1.18.0] AndroidManifest.xml:22:5-24:47
16        android:name="com.aistudio.coreflow.vdfpkw.DYNAMIC_RECEIVER_NOT_EXPORTED_PERMISSION"
16-->[androidx.core:core:1.18.0] AndroidManifest.xml:23:9-81
17        android:protectionLevel="signature" />
17-->[androidx.core:core:1.18.0] AndroidManifest.xml:24:9-44
18
19    <uses-permission android:name="com.aistudio.coreflow.vdfpkw.DYNAMIC_RECEIVER_NOT_EXPORTED_PERMISSION" />
19-->[androidx.core:core:1.18.0] AndroidManifest.xml:26:5-97
19-->[androidx.core:core:1.18.0] AndroidManifest.xml:26:22-94
20
21    <application
21-->src\main\AndroidManifest.xml:6:5-35:19
22        android:allowBackup="true"
22-->src\main\AndroidManifest.xml:7:9-35
23        android:appComponentFactory="androidx.core.app.CoreComponentFactory"
23-->[androidx.core:core:1.18.0] AndroidManifest.xml:28:18-86
24        android:extractNativeLibs="false"
24-->INJECTED
25        android:icon="@drawable/ic_coreflow_watch"
25-->src\main\AndroidManifest.xml:8:9-51
26        android:label="CoreFlow Watch"
26-->src\main\AndroidManifest.xml:9:9-39
27        android:theme="@style/Theme.CoreFlow.Wear" >
27-->src\main\AndroidManifest.xml:10:9-51
28        <uses-library
28-->src\main\AndroidManifest.xml:11:9-13:39
29            android:name="com.google.android.wearable"
29-->src\main\AndroidManifest.xml:12:13-55
30            android:required="true" />
30-->src\main\AndroidManifest.xml:13:13-36
31
32        <activity
32-->src\main\AndroidManifest.xml:15:9-22:20
33            android:name="com.example.wear.MainActivity"
33-->src\main\AndroidManifest.xml:16:13-41
34            android:exported="true" >
34-->src\main\AndroidManifest.xml:17:13-36
35            <intent-filter>
35-->src\main\AndroidManifest.xml:18:13-21:29
36                <action android:name="android.intent.action.MAIN" />
36-->src\main\AndroidManifest.xml:19:17-69
36-->src\main\AndroidManifest.xml:19:25-66
37
38                <category android:name="android.intent.category.LAUNCHER" />
38-->src\main\AndroidManifest.xml:20:17-77
38-->src\main\AndroidManifest.xml:20:27-74
39            </intent-filter>
40        </activity>
41
42        <service
42-->src\main\AndroidManifest.xml:24:9-34:19
43            android:name="com.example.wear.HapticListenerService"
43-->src\main\AndroidManifest.xml:25:13-50
44            android:exported="true" >
44-->src\main\AndroidManifest.xml:26:13-36
45            <intent-filter>
45-->src\main\AndroidManifest.xml:27:13-33:29
46                <action android:name="com.google.android.gms.wearable.MESSAGE_RECEIVED" />
46-->src\main\AndroidManifest.xml:28:17-91
46-->src\main\AndroidManifest.xml:28:25-88
47
48                <data
48-->src\main\AndroidManifest.xml:29:17-32:45
49                    android:host="*"
49-->src\main\AndroidManifest.xml:30:21-37
50                    android:pathPrefix="/coreflow/haptic"
50-->src\main\AndroidManifest.xml:31:21-58
51                    android:scheme="wear" />
51-->src\main\AndroidManifest.xml:32:21-42
52            </intent-filter>
53        </service>
54
55        <activity
55-->[com.google.android.gms:play-services-base:18.5.0] AndroidManifest.xml:5:9-173
56            android:name="com.google.android.gms.common.api.GoogleApiActivity"
56-->[com.google.android.gms:play-services-base:18.5.0] AndroidManifest.xml:5:19-85
57            android:exported="false"
57-->[com.google.android.gms:play-services-base:18.5.0] AndroidManifest.xml:5:146-170
58            android:theme="@android:style/Theme.Translucent.NoTitleBar" />
58-->[com.google.android.gms:play-services-base:18.5.0] AndroidManifest.xml:5:86-145
59
60        <meta-data
60-->[com.google.android.gms:play-services-basement:18.4.0] AndroidManifest.xml:6:9-122
61            android:name="com.google.android.gms.version"
61-->[com.google.android.gms:play-services-basement:18.4.0] AndroidManifest.xml:6:20-65
62            android:value="@integer/google_play_services_version" />
62-->[com.google.android.gms:play-services-basement:18.4.0] AndroidManifest.xml:6:66-119
63
64        <provider
64-->[androidx.profileinstaller:profileinstaller:1.3.0] AndroidManifest.xml:24:9-32:20
65            android:name="androidx.startup.InitializationProvider"
65-->[androidx.profileinstaller:profileinstaller:1.3.0] AndroidManifest.xml:25:13-67
66            android:authorities="com.aistudio.coreflow.vdfpkw.androidx-startup"
66-->[androidx.profileinstaller:profileinstaller:1.3.0] AndroidManifest.xml:26:13-68
67            android:exported="false" >
67-->[androidx.profileinstaller:profileinstaller:1.3.0] AndroidManifest.xml:27:13-37
68            <meta-data
68-->[androidx.profileinstaller:profileinstaller:1.3.0] AndroidManifest.xml:29:13-31:52
69                android:name="androidx.profileinstaller.ProfileInstallerInitializer"
69-->[androidx.profileinstaller:profileinstaller:1.3.0] AndroidManifest.xml:30:17-85
70                android:value="androidx.startup" />
70-->[androidx.profileinstaller:profileinstaller:1.3.0] AndroidManifest.xml:31:17-49
71        </provider>
72
73        <receiver
73-->[androidx.profileinstaller:profileinstaller:1.3.0] AndroidManifest.xml:34:9-52:20
74            android:name="androidx.profileinstaller.ProfileInstallReceiver"
74-->[androidx.profileinstaller:profileinstaller:1.3.0] AndroidManifest.xml:35:13-76
75            android:directBootAware="false"
75-->[androidx.profileinstaller:profileinstaller:1.3.0] AndroidManifest.xml:36:13-44
76            android:enabled="true"
76-->[androidx.profileinstaller:profileinstaller:1.3.0] AndroidManifest.xml:37:13-35
77            android:exported="true"
77-->[androidx.profileinstaller:profileinstaller:1.3.0] AndroidManifest.xml:38:13-36
78            android:permission="android.permission.DUMP" >
78-->[androidx.profileinstaller:profileinstaller:1.3.0] AndroidManifest.xml:39:13-57
79            <intent-filter>
79-->[androidx.profileinstaller:profileinstaller:1.3.0] AndroidManifest.xml:40:13-42:29
80                <action android:name="androidx.profileinstaller.action.INSTALL_PROFILE" />
80-->[androidx.profileinstaller:profileinstaller:1.3.0] AndroidManifest.xml:41:17-91
80-->[androidx.profileinstaller:profileinstaller:1.3.0] AndroidManifest.xml:41:25-88
81            </intent-filter>
82            <intent-filter>
82-->[androidx.profileinstaller:profileinstaller:1.3.0] AndroidManifest.xml:43:13-45:29
83                <action android:name="androidx.profileinstaller.action.SKIP_FILE" />
83-->[androidx.profileinstaller:profileinstaller:1.3.0] AndroidManifest.xml:44:17-85
83-->[androidx.profileinstaller:profileinstaller:1.3.0] AndroidManifest.xml:44:25-82
84            </intent-filter>
85            <intent-filter>
85-->[androidx.profileinstaller:profileinstaller:1.3.0] AndroidManifest.xml:46:13-48:29
86                <action android:name="androidx.profileinstaller.action.SAVE_PROFILE" />
86-->[androidx.profileinstaller:profileinstaller:1.3.0] AndroidManifest.xml:47:17-88
86-->[androidx.profileinstaller:profileinstaller:1.3.0] AndroidManifest.xml:47:25-85
87            </intent-filter>
88            <intent-filter>
88-->[androidx.profileinstaller:profileinstaller:1.3.0] AndroidManifest.xml:49:13-51:29
89                <action android:name="androidx.profileinstaller.action.BENCHMARK_OPERATION" />
89-->[androidx.profileinstaller:profileinstaller:1.3.0] AndroidManifest.xml:50:17-95
89-->[androidx.profileinstaller:profileinstaller:1.3.0] AndroidManifest.xml:50:25-92
90            </intent-filter>
91        </receiver>
92    </application>
93
94</manifest>